
1754711771 DEBUG  : 这是一条调试信息
1754711771 INFO  : 这是一条普通信息
1754711771 WARN  : 这是一条警告信息
1754711771 ERROR  : 这是一条错误信息
1754711771 DEBUG  : 这是一条使用 log 方法记录的调试信息
1754711771 ERROR  : 这是一条使用 log 方法记录的错误信息
1754711771 WARN  : 这条警告信息应该显示
1754711771 ERROR  : 这条错误信息应该显示
1754711771 INFO  : 线程 2 日志消息 0
1754711771 INFO  : 线程 1 日志消息 0
1754711771 INFO  : 线程 3 日志消息 0
1754711771 INFO  : 线程 2 日志消息 1
1754711771 INFO  : 线程 1 日志消息 1
1754711771 INFO  : 线程 3 日志消息 1
1754711771 INFO  : 线程 2 日志消息 2
1754711771 INFO  : 线程 1 日志消息 2
1754711771 INFO  : 线程 3 日志消息 2
2025-08-09 11:58:35 [DEBUG]  : 这是一条调试信息
2025-08-09 11:58:35 [INFO]  : 这是一条普通信息
2025-08-09 11:58:35 [WARN]  : 这是一条警告信息
2025-08-09 11:58:35 [ERROR]  : 这是一条错误信息
2025-08-09 11:58:35 [DEBUG]  : 这是一条使用 log 方法记录的调试信息
2025-08-09 11:58:35 [ERROR]  : 这是一条使用 log 方法记录的错误信息
2025-08-09 11:58:35 [WARN]  : 这条警告信息应该显示
2025-08-09 11:58:35 [ERROR]  : 这条错误信息应该显示
2025-08-09 11:58:35 [INFO]  : 线程 2 日志消息 0
2025-08-09 11:58:35 [INFO]  : 线程 1 日志消息 0
2025-08-09 11:58:35 [INFO]  : 线程 3 日志消息 0
2025-08-09 11:58:35 [INFO]  : 线程 1 日志消息 1
2025-08-09 11:58:35 [INFO]  : 线程 2 日志消息 1
2025-08-09 11:58:35 [INFO]  : 线程 3 日志消息 1
2025-08-09 11:58:35 [INFO]  : 线程 1 日志消息 2
2025-08-09 11:58:35 [INFO]  : 线程 2 日志消息 2
2025-08-09 11:58:35 [INFO]  : 线程 3 日志消息 2
